<?xml version="1.0" encoding="utf-8"?><testsuites name="pytest tests"><testsuite name="pytest" errors="0" failures="0" skipped="0" tests="5" time="1.736" timestamp="2026-08-21T13:56:11.595522+00:00" hostname="agent-env-2d2d1b93-948b-4057-aac7-70564f3b49f1"><testcase classname="tests.test_contact_api" name="test_root" time="0.367" /><testcase classname="tests.test_contact_api" name="test_contact_post_and_persistence" time="0.306" /><testcase classname="tests.test_contact_api" name="test_contact_invalid_email" time="0.243" /><testcase classname="tests.test_contact_api" name="test_contact_missing_fields" time="0.181" /><testcase classname="tests.test_contact_api" name="test_resume_pdf_served" time="0.217" /></testsuite></testsuites>